Terminals unused in grammar

    EXPR_ERROR
    NOT


Grammar

    0 $accept: start $end

    1 start: if_expr

    2 if_expr: expr IF expr ELSE expr
    3        | expr

    4 expr: NUMBER
    5     | ID
    6     | SOURCE_COUNT '(' ID ')'
    7     | expr '|' expr
    8     | expr '&' expr
    9     | expr '^' expr
   10     | expr '<' expr
   11     | expr '>' expr
   12     | expr '+' expr
   13     | expr '-' expr
   14     | expr '*' expr
   15     | expr '/' expr
   16     | expr '%' expr
   17     | D_RATIO '(' expr ',' expr ')'
   18     | '-' expr
   19     | '(' if_expr ')'
   20     | MIN '(' expr ',' expr ')'
   21     | MAX '(' expr ',' expr ')'
   22     | LITERAL


Terminals, with rules where they appear

    $end (0) 0
    '%' (37) 16
    '&' (38) 8
    '(' (40) 6 17 19 20 21
    ')' (41) 6 17 19 20 21
    '*' (42) 14
    '+' (43) 12
    ',' (44) 17 20 21
    '-' (45) 13 18
    '/' (47) 15
    '<' (60) 10
    '>' (62) 11
    '^' (94) 9
    '|' (124) 7
    error (256)
    ID <str> (258) 5 6
    NUMBER <num> (259) 4
    MIN (260) 20
    MAX (261) 21
    IF (262) 2
    ELSE (263) 2
    LITERAL <num> (264) 22
    D_RATIO (265) 17
    SOURCE_COUNT (266) 6
    EXPR_ERROR (267)
    NEG (268)
    NOT (269)


Nonterminals, with rules where they appear

    $accept (28)
        on left: 0
    start (29)
        on left: 1
        on right: 0
    if_expr <ids> (30)
        on left: 2 3
        on right: 1 19
    expr <ids> (31)
        on left: 4 5 6 7 8 9 10 11 12 13 14 15 16 17 18 19 20 21 22
        on right: 2 3 7 8 9 10 11 12 13 14 15 16 17 18 20 21


State 0

    0 $accept: . start $end

    ID            shift, and go to state 1
    NUMBER        shift, and go to state 2
    MIN           shift, and go to state 3
    MAX           shift, and go to state 4
    LITERAL       shift, and go to state 5
    D_RATIO       shift, and go to state 6
    SOURCE_COUNT  shift, and go to state 7
    '-'           shift, and go to state 8
    '('           shift, and go to state 9

    start    go to state 10
    if_expr  go to state 11
    expr     go to state 12


State 1

    5 expr: ID .

    $default  reduce using rule 5 (expr)


State 2

    4 expr: NUMBER .

    $default  reduce using rule 4 (expr)


State 3

   20 expr: MIN . '(' expr ',' expr ')'

    '('  shift, and go to state 13


State 4

   21 expr: MAX . '(' expr ',' expr ')'

    '('  shift, and go to state 14


State 5

   22 expr: LITERAL .

    $default  reduce using rule 22 (expr)


State 6

   17 expr: D_RATIO . '(' expr ',' expr ')'

    '('  shift, and go to state 15


State 7

    6 expr: SOURCE_COUNT . '(' ID ')'

    '('  shift, and go to state 16


State 8

   18 expr: '-' . expr

    ID            shift, and go to state 1
    NUMBER        shift, and go to state 2
    MIN           shift, and go to state 3
    MAX           shift, and go to state 4
    LITERAL       shift, and go to state 5
    D_RATIO       shift, and go to state 6
    SOURCE_COUNT  shift, and go to state 7
    '-'           shift, and go to state 8
    '('           shift, and go to state 9

    expr  go to state 17


State 9

   19 expr: '(' . if_expr ')'

    ID            shift, and go to state 1
    NUMBER        shift, and go to state 2
    MIN           shift, and go to state 3
    MAX           shift, and go to state 4
    LITERAL       shift, and go to state 5
    D_RATIO       shift, and go to state 6
    SOURCE_COUNT  shift, and go to state 7
    '-'           shift, and go to state 8
    '('           shift, and go to state 9

    if_expr  go to state 18
    expr     go to state 12


State 10

    0 $accept: start . $end

    $end  shift, and go to state 19


State 11

    1 start: if_expr .

    $default  reduce using rule 1 (start)


State 12

    2 if_expr: expr . IF expr ELSE expr
    3        | expr .
    7 expr: expr . '|' expr
    8     | expr . '&' expr
    9     | expr . '^' expr
   10     | expr . '<' expr
   11     | expr . '>' expr
   12     | expr . '+' expr
   13     | expr . '-' expr
   14     | expr . '*' expr
   15     | expr . '/' expr
   16     | expr . '%' expr

    IF   shift, and go to state 20
    '|'  shift, and go to state 21
    '^'  shift, and go to state 22
    '&'  shift, and go to state 23
    '<'  shift, and go to state 24
    '>'  shift, and go to state 25
    '-'  shift, and go to state 26
    '+'  shift, and go to state 27
    '*'  shift, and go to state 28
    '/'  shift, and go to state 29
    '%'  shift, and go to state 30

    $default  reduce using rule 3 (if_expr)


State 13

   20 expr: MIN '(' . expr ',' expr ')'

    ID            shift, and go to state 1
    NUMBER        shift, and go to state 2
    MIN           shift, and go to state 3
    MAX           shift, and go to state 4
    LITERAL       shift, and go to state 5
    D_RATIO       shift, and go to state 6
    SOURCE_COUNT  shift, and go to state 7
    '-'           shift, and go to state 8
    '('           shift, and go to state 9

    expr  go to state 31


State 14

   21 expr: MAX '(' . expr ',' expr ')'

    ID            shift, and go to state 1
    NUMBER        shift, and go to state 2
    MIN           shift, and go to state 3
    MAX           shift, and go to state 4
    LITERAL       shift, and go to state 5
    D_RATIO       shift, and go to state 6
    SOURCE_COUNT  shift, and go to state 7
    '-'           shift, and go to state 8
    '('           shift, and go to state 9

    expr  go to state 32


State 15

   17 expr: D_RATIO '(' . expr ',' expr ')'

    ID            shift, and go to state 1
    NUMBER        shift, and go to state 2
    MIN           shift, and go to state 3
    MAX           shift, and go to state 4
    LITERAL       shift, and go to state 5
    D_RATIO       shift, and go to state 6
    SOURCE_COUNT  shift, and go to state 7
    '-'           shift, and go to state 8
    '('           shift, and go to state 9

    expr  go to state 33


State 16

    6 expr: SOURCE_COUNT '(' . ID ')'

    ID  shift, and go to state 34


State 17

    7 expr: expr . '|' expr
    8     | expr . '&' expr
    9     | expr . '^' expr
   10     | expr . '<' expr
   11     | expr . '>' expr
   12     | expr . '+' expr
   13     | expr . '-' expr
   14     | expr . '*' expr
   15     | expr . '/' expr
   16     | expr . '%' expr
   18     | '-' expr .

    $default  reduce using rule 18 (expr)


State 18

   19 expr: '(' if_expr . ')'

    ')'  shift, and go to state 35


State 19

    0 $accept: start $end .

    $default  accept


State 20

    2 if_expr: expr IF . expr ELSE expr

    ID            shift, and go to state 1
    NUMBER        shift, and go to state 2
    MIN           shift, and go to state 3
    MAX           shift, and go to state 4
    LITERAL       shift, and go to state 5
    D_RATIO       shift, and go to state 6
    SOURCE_COUNT  shift, and go to state 7
    '-'           shift, and go to state 8
    '('           shift, and go to state 9

    expr  go to state 36


State 21

    7 expr: expr '|' . expr

    ID            shift, and go to state 1
    NUMBER        shift, and go to state 2
    MIN           shift, and go to state 3
    MAX           shift, and go to state 4
    LITERAL       shift, and go to state 5
    D_RATIO       shift, and go to state 6
    SOURCE_COUNT  shift, and go to state 7
    '-'           shift, and go to state 8
    '('           shift, and go to state 9

    expr  go to state 37


State 22

    9 expr: expr '^' . expr

    ID            shift, and go to state 1
    NUMBER        shift, and go to state 2
    MIN           shift, and go to state 3
    MAX           shift, and go to state 4
    LITERAL       shift, and go to state 5
    D_RATIO       shift, and go to state 6
    SOURCE_COUNT  shift, and go to state 7
    '-'           shift, and go to state 8
    '('           shift, and go to state 9

    expr  go to state 38


State 23

    8 expr: expr '&' . expr

    ID            shift, and go to state 1
    NUMBER        shift, and go to state 2
    MIN           shift, and go to state 3
    MAX           shift, and go to state 4
    LITERAL       shift, and go to state 5
    D_RATIO       shift, and go to state 6
    SOURCE_COUNT  shift, and go to state 7
    '-'           shift, and go to state 8
    '('           shift, and go to state 9

    expr  go to state 39


State 24

   10 expr: expr '<' . expr

    ID            shift, and go to state 1
    NUMBER        shift, and go to state 2
    MIN           shift, and go to state 3
    MAX           shift, and go to state 4
    LITERAL       shift, and go to state 5
    D_RATIO       shift, and go to state 6
    SOURCE_COUNT  shift, and go to state 7
    '-'           shift, and go to state 8
    '('           shift, and go to state 9

    expr  go to state 40


State 25

   11 expr: expr '>' . expr

    ID            shift, and go to state 1
    NUMBER        shift, and go to state 2
    MIN           shift, and go to state 3
    MAX           shift, and go to state 4
    LITERAL       shift, and go to state 5
    D_RATIO       shift, and go to state 6
    SOURCE_COUNT  shift, and go to state 7
    '-'           shift, and go to state 8
    '('           shift, and go to state 9

    expr  go to state 41


State 26

   13 expr: expr '-' . expr

    ID            shift, and go to state 1
    NUMBER        shift, and go to state 2
    MIN           shift, and go to state 3
    MAX           shift, and go to state 4
    LITERAL       shift, and go to state 5
    D_RATIO       shift, and go to state 6
    SOURCE_COUNT  shift, and go to state 7
    '-'           shift, and go to state 8
    '('           shift, and go to state 9

    expr  go to state 42


State 27

   12 expr: expr '+' . expr

    ID            shift, and go to state 1
    NUMBER        shift, and go to state 2
    MIN           shift, and go to state 3
    MAX           shift, and go to state 4
    LITERAL       shift, and go to state 5
    D_RATIO       shift, and go to state 6
    SOURCE_COUNT  shift, and go to state 7
    '-'           shift, and go to state 8
    '('           shift, and go to state 9

    expr  go to state 43


State 28

   14 expr: expr '*' . expr

    ID            shift, and go to state 1
    NUMBER        shift, and go to state 2
    MIN           shift, and go to state 3
    MAX           shift, and go to state 4
    LITERAL       shift, and go to state 5
    D_RATIO       shift, and go to state 6
    SOURCE_COUNT  shift, and go to state 7
    '-'           shift, and go to state 8
    '('           shift, and go to state 9

    expr  go to state 44


State 29

   15 expr: expr '/' . expr

    ID            shift, and go to state 1
    NUMBER        shift, and go to state 2
    MIN           shift, and go to state 3
    MAX           shift, and go to state 4
    LITERAL       shift, and go to state 5
    D_RATIO       shift, and go to state 6
    SOURCE_COUNT  shift, and go to state 7
    '-'           shift, and go to state 8
    '('           shift, and go to state 9

    expr  go to state 45


State 30

   16 expr: expr '%' . expr

    ID            shift, and go to state 1
    NUMBER        shift, and go to state 2
    MIN           shift, and go to state 3
    MAX           shift, and go to state 4
    LITERAL       shift, and go to state 5
    D_RATIO       shift, and go to state 6
    SOURCE_COUNT  shift, and go to state 7
    '-'           shift, and go to state 8
    '('           shift, and go to state 9

    expr  go to state 46


State 31

    7 expr: expr . '|' expr
    8     | expr . '&' expr
    9     | expr . '^' expr
   10     | expr . '<' expr
   11     | expr . '>' expr
   12     | expr . '+' expr
   13     | expr . '-' expr
   14     | expr . '*' expr
   15     | expr . '/' expr
   16     | expr . '%' expr
   20     | MIN '(' expr . ',' expr ')'

    '|'  shift, and go to state 21
    '^'  shift, and go to state 22
    '&'  shift, and go to state 23
    '<'  shift, and go to state 24
    '>'  shift, and go to state 25
    '-'  shift, and go to state 26
    '+'  shift, and go to state 27
    '*'  shift, and go to state 28
    '/'  shift, and go to state 29
    '%'  shift, and go to state 30
    ','  shift, and go to state 47


State 32

    7 expr: expr . '|' expr
    8     | expr . '&' expr
    9     | expr . '^' expr
   10     | expr . '<' expr
   11     | expr . '>' expr
   12     | expr . '+' expr
   13     | expr . '-' expr
   14     | expr . '*' expr
   15     | expr . '/' expr
   16     | expr . '%' expr
   21     | MAX '(' expr . ',' expr ')'

    '|'  shift, and go to state 21
    '^'  shift, and go to state 22
    '&'  shift, and go to state 23
    '<'  shift, and go to state 24
    '>'  shift, and go to state 25
    '-'  shift, and go to state 26
    '+'  shift, and go to state 27
    '*'  shift, and go to state 28
    '/'  shift, and go to state 29
    '%'  shift, and go to state 30
    ','  shift, and go to state 48


State 33

    7 expr: expr . '|' expr
    8     | expr . '&' expr
    9     | expr . '^' expr
   10     | expr . '<' expr
   11     | expr . '>' expr
   12     | expr . '+' expr
   13     | expr . '-' expr
   14     | expr . '*' expr
   15     | expr . '/' expr
   16     | expr . '%' expr
   17     | D_RATIO '(' expr . ',' expr ')'

    '|'  shift, and go to state 21
    '^'  shift, and go to state 22
    '&'  shift, and go to state 23
    '<'  shift, and go to state 24
    '>'  shift, and go to state 25
    '-'  shift, and go to state 26
    '+'  shift, and go to state 27
    '*'  shift, and go to state 28
    '/'  shift, and go to state 29
    '%'  shift, and go to state 30
    ','  shift, and go to state 49


State 34

    6 expr: SOURCE_COUNT '(' ID . ')'

    ')'  shift, and go to state 50


State 35

   19 expr: '(' if_expr ')' .

    $default  reduce using rule 19 (expr)


State 36

    2 if_expr: expr IF expr . ELSE expr
    7 expr: expr . '|' expr
    8     | expr . '&' expr
    9     | expr . '^' expr
   10     | expr . '<' expr
   11     | expr . '>' expr
   12     | expr . '+' expr
   13     | expr . '-' expr
   14     | expr . '*' expr
   15     | expr . '/' expr
   16     | expr . '%' expr

    ELSE  shift, and go to state 51
    '|'   shift, and go to state 21
    '^'   shift, and go to state 22
    '&'   shift, and go to state 23
    '<'   shift, and go to state 24
    '>'   shift, and go to state 25
    '-'   shift, and go to state 26
    '+'   shift, and go to state 27
    '*'   shift, and go to state 28
    '/'   shift, and go to state 29
    '%'   shift, and go to state 30


State 37

    7 expr: expr . '|' expr
    7     | expr '|' expr .
    8     | expr . '&' expr
    9     | expr . '^' expr
   10     | expr . '<' expr
   11     | expr . '>' expr
   12     | expr . '+' expr
   13     | expr . '-' expr
   14     | expr . '*' expr
   15     | expr . '/' expr
   16     | expr . '%' expr

    '^'  shift, and go to state 22
    '&'  shift, and go to state 23
    '<'  shift, and go to state 24
    '>'  shift, and go to state 25
    '-'  shift, and go to state 26
    '+'  shift, and go to state 27
    '*'  shift, and go to state 28
    '/'  shift, and go to state 29
    '%'  shift, and go to state 30

    $default  reduce using rule 7 (expr)


State 38

    7 expr: expr . '|' expr
    8     | expr . '&' expr
    9     | expr . '^' expr
    9     | expr '^' expr .
   10     | expr . '<' expr
   11     | expr . '>' expr
   12     | expr . '+' expr
   13     | expr . '-' expr
   14     | expr . '*' expr
   15     | expr . '/' expr
   16     | expr . '%' expr

    '&'  shift, and go to state 23
    '<'  shift, and go to state 24
    '>'  shift, and go to state 25
    '-'  shift, and go to state 26
    '+'  shift, and go to state 27
    '*'  shift, and go to state 28
    '/'  shift, and go to state 29
    '%'  shift, and go to state 30

    $default  reduce using rule 9 (expr)


State 39

    7 expr: expr . '|' expr
    8     | expr . '&' expr
    8     | expr '&' expr .
    9     | expr . '^' expr
   10     | expr . '<' expr
   11     | expr . '>' expr
   12     | expr . '+' expr
   13     | expr . '-' expr
   14     | expr . '*' expr
   15     | expr . '/' expr
   16     | expr . '%' expr

    '<'  shift, and go to state 24
    '>'  shift, and go to state 25
    '-'  shift, and go to state 26
    '+'  shift, and go to state 27
    '*'  shift, and go to state 28
    '/'  shift, and go to state 29
    '%'  shift, and go to state 30

    $default  reduce using rule 8 (expr)


State 40

    7 expr: expr . '|' expr
    8     | expr . '&' expr
    9     | expr . '^' expr
   10     | expr . '<' expr
   10     | expr '<' expr .
   11     | expr . '>' expr
   12     | expr . '+' expr
   13     | expr . '-' expr
   14     | expr . '*' expr
   15     | expr . '/' expr
   16     | expr . '%' expr

    '-'  shift, and go to state 26
    '+'  shift, and go to state 27
    '*'  shift, and go to state 28
    '/'  shift, and go to state 29
    '%'  shift, and go to state 30

    $default  reduce using rule 10 (expr)


State 41

    7 expr: expr . '|' expr
    8     | expr . '&' expr
    9     | expr . '^' expr
   10     | expr . '<' expr
   11     | expr . '>' expr
   11     | expr '>' expr .
   12     | expr . '+' expr
   13     | expr . '-' expr
   14     | expr . '*' expr
   15     | expr . '/' expr
   16     | expr . '%' expr

    '-'  shift, and go to state 26
    '+'  shift, and go to state 27
    '*'  shift, and go to state 28
    '/'  shift, and go to state 29
    '%'  shift, and go to state 30

    $default  reduce using rule 11 (expr)


State 42

    7 expr: expr . '|' expr
    8     | expr . '&' expr
    9     | expr . '^' expr
   10     | expr . '<' expr
   11     | expr . '>' expr
   12     | expr . '+' expr
   13     | expr . '-' expr
   13     | expr '-' expr .
   14     | expr . '*' expr
   15     | expr . '/' expr
   16     | expr . '%' expr

    '*'  shift, and go to state 28
    '/'  shift, and go to state 29
    '%'  shift, and go to state 30

    $default  reduce using rule 13 (expr)


State 43

    7 expr: expr . '|' expr
    8     | expr . '&' expr
    9     | expr . '^' expr
   10     | expr . '<' expr
   11     | expr . '>' expr
   12     | expr . '+' expr
   12     | expr '+' expr .
   13     | expr . '-' expr
   14     | expr . '*' expr
   15     | expr . '/' expr
   16     | expr . '%' expr

    '*'  shift, and go to state 28
    '/'  shift, and go to state 29
    '%'  shift, and go to state 30

    $default  reduce using rule 12 (expr)


State 44

    7 expr: expr . '|' expr
    8     | expr . '&' expr
    9     | expr . '^' expr
   10     | expr . '<' expr
   11     | expr . '>' expr
   12     | expr . '+' expr
   13     | expr . '-' expr
   14     | expr . '*' expr
   14     | expr '*' expr .
   15     | expr . '/' expr
   16     | expr . '%' expr

    $default  reduce using rule 14 (expr)


State 45

    7 expr: expr . '|' expr
    8     | expr . '&' expr
    9     | expr . '^' expr
   10     | expr . '<' expr
   11     | expr . '>' expr
   12     | expr . '+' expr
   13     | expr . '-' expr
   14     | expr . '*' expr
   15     | expr . '/' expr
   15     | expr '/' expr .
   16     | expr . '%' expr

    $default  reduce using rule 15 (expr)


State 46

    7 expr: expr . '|' expr
    8     | expr . '&' expr
    9     | expr . '^' expr
   10     | expr . '<' expr
   11     | expr . '>' expr
   12     | expr . '+' expr
   13     | expr . '-' expr
   14     | expr . '*' expr
   15     | expr . '/' expr
   16     | expr . '%' expr
   16     | expr '%' expr .

    $default  reduce using rule 16 (expr)


State 47

   20 expr: MIN '(' expr ',' . expr ')'

    ID            shift, and go to state 1
    NUMBER        shift, and go to state 2
    MIN           shift, and go to state 3
    MAX           shift, and go to state 4
    LITERAL       shift, and go to state 5
    D_RATIO       shift, and go to state 6
    SOURCE_COUNT  shift, and go to state 7
    '-'           shift, and go to state 8
    '('           shift, and go to state 9

    expr  go to state 52


State 48

   21 expr: MAX '(' expr ',' . expr ')'

    ID            shift, and go to state 1
    NUMBER        shift, and go to state 2
    MIN           shift, and go to state 3
    MAX           shift, and go to state 4
    LITERAL       shift, and go to state 5
    D_RATIO       shift, and go to state 6
    SOURCE_COUNT  shift, and go to state 7
    '-'           shift, and go to state 8
    '('           shift, and go to state 9

    expr  go to state 53


State 49

   17 expr: D_RATIO '(' expr ',' . expr ')'

    ID            shift, and go to state 1
    NUMBER        shift, and go to state 2
    MIN           shift, and go to state 3
    MAX           shift, and go to state 4
    LITERAL       shift, and go to state 5
    D_RATIO       shift, and go to state 6
    SOURCE_COUNT  shift, and go to state 7
    '-'           shift, and go to state 8
    '('           shift, and go to state 9

    expr  go to state 54


State 50

    6 expr: SOURCE_COUNT '(' ID ')' .

    $default  reduce using rule 6 (expr)


State 51

    2 if_expr: expr IF expr ELSE . expr

    ID            shift, and go to state 1
    NUMBER        shift, and go to state 2
    MIN           shift, and go to state 3
    MAX           shift, and go to state 4
    LITERAL       shift, and go to state 5
    D_RATIO       shift, and go to state 6
    SOURCE_COUNT  shift, and go to state 7
    '-'           shift, and go to state 8
    '('           shift, and go to state 9

    expr  go to state 55


State 52

    7 expr: expr . '|' expr
    8     | expr . '&' expr
    9     | expr . '^' expr
   10     | expr . '<' expr
   11     | expr . '>' expr
   12     | expr . '+' expr
   13     | expr . '-' expr
   14     | expr . '*' expr
   15     | expr . '/' expr
   16     | expr . '%' expr
   20     | MIN '(' expr ',' expr . ')'

    '|'  shift, and go to state 21
    '^'  shift, and go to state 22
    '&'  shift, and go to state 23
    '<'  shift, and go to state 24
    '>'  shift, and go to state 25
    '-'  shift, and go to state 26
    '+'  shift, and go to state 27
    '*'  shift, and go to state 28
    '/'  shift, and go to state 29
    '%'  shift, and go to state 30
    ')'  shift, and go to state 56


State 53

    7 expr: expr . '|' expr
    8     | expr . '&' expr
    9     | expr . '^' expr
   10     | expr . '<' expr
   11     | expr . '>' expr
   12     | expr . '+' expr
   13     | expr . '-' expr
   14     | expr . '*' expr
   15     | expr . '/' expr
   16     | expr . '%' expr
   21     | MAX '(' expr ',' expr . ')'

    '|'  shift, and go to state 21
    '^'  shift, and go to state 22
    '&'  shift, and go to state 23
    '<'  shift, and go to state 24
    '>'  shift, and go to state 25
    '-'  shift, and go to state 26
    '+'  shift, and go to state 27
    '*'  shift, and go to state 28
    '/'  shift, and go to state 29
    '%'  shift, and go to state 30
    ')'  shift, and go to state 57


State 54

    7 expr: expr . '|' expr
    8     | expr . '&' expr
    9     | expr . '^' expr
   10     | expr . '<' expr
   11     | expr . '>' expr
   12     | expr . '+' expr
   13     | expr . '-' expr
   14     | expr . '*' expr
   15     | expr . '/' expr
   16     | expr . '%' expr
   17     | D_RATIO '(' expr ',' expr . ')'

    '|'  shift, and go to state 21
    '^'  shift, and go to state 22
    '&'  shift, and go to state 23
    '<'  shift, and go to state 24
    '>'  shift, and go to state 25
    '-'  shift, and go to state 26
    '+'  shift, and go to state 27
    '*'  shift, and go to state 28
    '/'  shift, and go to state 29
    '%'  shift, and go to state 30
    ')'  shift, and go to state 58


State 55

    2 if_expr: expr IF expr ELSE expr .
    7 expr: expr . '|' expr
    8     | expr . '&' expr
    9     | expr . '^' expr
   10     | expr . '<' expr
   11     | expr . '>' expr
   12     | expr . '+' expr
   13     | expr . '-' expr
   14     | expr . '*' expr
   15     | expr . '/' expr
   16     | expr . '%' expr

    '|'  shift, and go to state 21
    '^'  shift, and go to state 22
    '&'  shift, and go to state 23
    '<'  shift, and go to state 24
    '>'  shift, and go to state 25
    '-'  shift, and go to state 26
    '+'  shift, and go to state 27
    '*'  shift, and go to state 28
    '/'  shift, and go to state 29
    '%'  shift, and go to state 30

    $default  reduce using rule 2 (if_expr)


State 56

   20 expr: MIN '(' expr ',' expr ')' .

    $default  reduce using rule 20 (expr)


State 57

   21 expr: MAX '(' expr ',' expr ')' .

    $default  reduce using rule 21 (expr)


State 58

   17 expr: D_RATIO '(' expr ',' expr ')' .

    $default  reduce using rule 17 (expr)
