Terminals unused in grammar

    PE_PREFIX_RAW
    PE_PREFIX_GROUP
    PE_ERROR


Grammar

    0 $accept: start $end

    1 start: PE_START_EVENTS start_events
    2      | PE_START_TERMS start_terms

    3 start_events: groups

    4 groups: groups ',' group
    5       | groups ',' event
    6       | group
    7       | event

    8 group: group_def ':' PE_MODIFIER_EVENT
    9      | group_def

   10 group_def: PE_NAME '{' events '}'
   11          | '{' events '}'

   12 events: events ',' event
   13       | event

   14 event: event_mod

   15 event_mod: event_name PE_MODIFIER_EVENT
   16          | event_name

   17 event_name: PE_EVENT_NAME event_def
   18           | event_def

   19 event_def: event_pmu
   20          | event_legacy_symbol
   21          | event_legacy_cache sep_dc
   22          | event_legacy_mem
   23          | event_legacy_tracepoint sep_dc
   24          | event_legacy_numeric sep_dc
   25          | event_legacy_raw sep_dc
   26          | event_bpf_file

   27 event_pmu_name: PE_NAME
   28               | PE_PMU_EVENT_PRE

   29 event_pmu: event_pmu_name opt_pmu_config
   30          | PE_KERNEL_PMU_EVENT sep_dc
   31          | PE_KERNEL_PMU_EVENT opt_pmu_config
   32          | PE_PMU_EVENT_PRE '-' PE_PMU_EVENT_SUF '-' PE_PMU_EVENT_SUF2 sep_dc
   33          | PE_PMU_EVENT_PRE '-' PE_PMU_EVENT_SUF sep_dc
   34          | PE_PMU_EVENT_FAKE sep_dc
   35          | PE_PMU_EVENT_FAKE opt_pmu_config

   36 value_sym: PE_VALUE_SYM_HW
   37          | PE_VALUE_SYM_SW

   38 event_legacy_symbol: value_sym '/' event_config '/'
   39                    | value_sym sep_slash_slash_dc
   40                    | PE_VALUE_SYM_TOOL sep_slash_slash_dc

   41 event_legacy_cache: PE_NAME_CACHE_TYPE '-' PE_NAME_CACHE_OP_RESULT '-' PE_NAME_CACHE_OP_RESULT opt_event_config
   42                   | PE_NAME_CACHE_TYPE '-' PE_NAME_CACHE_OP_RESULT opt_event_config
   43                   | PE_NAME_CACHE_TYPE opt_event_config

   44 event_legacy_mem: PE_PREFIX_MEM PE_VALUE '/' PE_VALUE ':' PE_MODIFIER_BP sep_dc
   45                 | PE_PREFIX_MEM PE_VALUE '/' PE_VALUE sep_dc
   46                 | PE_PREFIX_MEM PE_VALUE ':' PE_MODIFIER_BP sep_dc
   47                 | PE_PREFIX_MEM PE_VALUE sep_dc

   48 event_legacy_tracepoint: tracepoint_name opt_event_config

   49 tracepoint_name: PE_NAME '-' PE_NAME ':' PE_NAME
   50                | PE_NAME ':' PE_NAME

   51 event_legacy_numeric: PE_VALUE ':' PE_VALUE opt_event_config

   52 event_legacy_raw: PE_RAW opt_event_config

   53 event_bpf_file: PE_BPF_OBJECT opt_event_config
   54               | PE_BPF_SOURCE opt_event_config

   55 opt_event_config: '/' event_config '/'
   56                 | '/' '/'
   57                 | %empty

   58 opt_pmu_config: '/' event_config '/'
   59               | '/' '/'

   60 start_terms: event_config

   61 event_config: event_config ',' event_term
   62             | event_term

   63 event_term: PE_RAW
   64           | PE_NAME '=' PE_NAME
   65           | PE_NAME '=' PE_VALUE
   66           | PE_NAME '=' PE_VALUE_SYM_HW
   67           | PE_NAME
   68           | PE_VALUE_SYM_HW
   69           | PE_TERM '=' PE_NAME
   70           | PE_TERM '=' PE_VALUE
   71           | PE_TERM
   72           | PE_NAME array '=' PE_NAME
   73           | PE_NAME array '=' PE_VALUE
   74           | PE_DRV_CFG_TERM

   75 array: '[' array_terms ']'
   76      | PE_ARRAY_ALL

   77 array_terms: array_terms ',' array_term
   78            | array_term

   79 array_term: PE_VALUE
   80           | PE_VALUE PE_ARRAY_RANGE PE_VALUE

   81 sep_dc: ':'
   82       | %empty

   83 sep_slash_slash_dc: '/' '/'
   84                   | ':'
   85                   | %empty


Terminals, with rules where they appear

    $end (0) 0
    ',' (44) 4 5 12 61 77
    '-' (45) 32 33 41 42 49
    '/' (47) 38 44 45 55 56 58 59 83
    ':' (58) 8 44 46 49 50 51 81 84
    '=' (61) 64 65 66 69 70 72 73
    '[' (91) 75
    ']' (93) 75
    '{' (123) 10 11
    '}' (125) 10 11
    error (256)
    PE_START_EVENTS (258) 1
    PE_START_TERMS (259) 2
    PE_VALUE <num> (260) 44 45 46 47 51 65 70 73 79 80
    PE_VALUE_SYM_HW <num> (261) 36 66 68
    PE_VALUE_SYM_SW <num> (262) 37
    PE_RAW <num> (263) 52 63
    PE_TERM <num> (264) 69 70 71
    PE_VALUE_SYM_TOOL <num> (265) 40
    PE_EVENT_NAME <str> (266) 17
    PE_NAME <str> (267) 10 27 49 50 64 65 66 67 69 72 73
    PE_BPF_OBJECT <str> (268) 53
    PE_BPF_SOURCE <str> (269) 54
    PE_MODIFIER_EVENT <str> (270) 8 15
    PE_MODIFIER_BP <str> (271) 44 46
    PE_NAME_CACHE_TYPE <str> (272) 41 42 43
    PE_NAME_CACHE_OP_RESULT <str> (273) 41 42
    PE_PREFIX_MEM (274) 44 45 46 47
    PE_PREFIX_RAW (275)
    PE_PREFIX_GROUP (276)
    PE_ERROR (277)
    PE_PMU_EVENT_PRE <str> (278) 28 32 33
    PE_PMU_EVENT_SUF <str> (279) 32 33
    PE_PMU_EVENT_SUF2 <str> (280) 32
    PE_KERNEL_PMU_EVENT <str> (281) 30 31
    PE_PMU_EVENT_FAKE <str> (282) 34 35
    PE_ARRAY_ALL (283) 76
    PE_ARRAY_RANGE (284) 80
    PE_DRV_CFG_TERM <str> (285) 74


Nonterminals, with rules where they appear

    $accept (40)
        on left: 0
    start (41)
        on left: 1 2
        on right: 0
    start_events (42)
        on left: 3
        on right: 1
    groups <list_evsel> (43)
        on left: 4 5 6 7
        on right: 3 4 5
    group <list_evsel> (44)
        on left: 8 9
        on right: 4 6
    group_def <list_evsel> (45)
        on left: 10 11
        on right: 8 9
    events <list_evsel> (46)
        on left: 12 13
        on right: 10 11 12
    event <list_evsel> (47)
        on left: 14
        on right: 5 7 12 13
    event_mod <list_evsel> (48)
        on left: 15 16
        on right: 14
    event_name <list_evsel> (49)
        on left: 17 18
        on right: 15 16
    event_def <list_evsel> (50)
        on left: 19 20 21 22 23 24 25 26
        on right: 17 18
    event_pmu_name <str> (51)
        on left: 27 28
        on right: 29
    event_pmu <list_evsel> (52)
        on left: 29 30 31 32 33 34 35
        on right: 19
    value_sym <num> (53)
        on left: 36 37
        on right: 38 39
    event_legacy_symbol <list_evsel> (54)
        on left: 38 39 40
        on right: 20
    event_legacy_cache <list_evsel> (55)
        on left: 41 42 43
        on right: 21
    event_legacy_mem <list_evsel> (56)
        on left: 44 45 46 47
        on right: 22
    event_legacy_tracepoint <list_evsel> (57)
        on left: 48
        on right: 23
    tracepoint_name <tracepoint_name> (58)
        on left: 49 50
        on right: 48
    event_legacy_numeric <list_evsel> (59)
        on left: 51
        on right: 24
    event_legacy_raw <list_evsel> (60)
        on left: 52
        on right: 25
    event_bpf_file <list_evsel> (61)
        on left: 53 54
        on right: 26
    opt_event_config <list_terms> (62)
        on left: 55 56 57
        on right: 41 42 43 48 51 52 53 54
    opt_pmu_config <list_terms> (63)
        on left: 58 59
        on right: 29 31 35
    start_terms (64)
        on left: 60
        on right: 2
    event_config <list_terms> (65)
        on left: 61 62
        on right: 38 55 58 60 61
    event_term <term> (66)
        on left: 63 64 65 66 67 68 69 70 71 72 73 74
        on right: 61 62
    array <array> (67)
        on left: 75 76
        on right: 72 73
    array_terms <array> (68)
        on left: 77 78
        on right: 75 77
    array_term <array> (69)
        on left: 79 80
        on right: 77 78
    sep_dc (70)
        on left: 81 82
        on right: 21 23 24 25 30 32 33 34 44 45 46 47
    sep_slash_slash_dc (71)
        on left: 83 84 85
        on right: 39 40


State 0

    0 $accept: . start $end

    PE_START_EVENTS  shift, and go to state 1
    PE_START_TERMS   shift, and go to state 2

    start  go to state 3


State 1

    1 start: PE_START_EVENTS . start_events

    PE_VALUE             shift, and go to state 4
    PE_VALUE_SYM_HW      shift, and go to state 5
    PE_VALUE_SYM_SW      shift, and go to state 6
    PE_RAW               shift, and go to state 7
    PE_VALUE_SYM_TOOL    shift, and go to state 8
    PE_EVENT_NAME        shift, and go to state 9
    PE_NAME              shift, and go to state 10
    PE_BPF_OBJECT        shift, and go to state 11
    PE_BPF_SOURCE        shift, and go to state 12
    PE_NAME_CACHE_TYPE   shift, and go to state 13
    PE_PREFIX_MEM        shift, and go to state 14
    PE_PMU_EVENT_PRE     shift, and go to state 15
    PE_KERNEL_PMU_EVENT  shift, and go to state 16
    PE_PMU_EVENT_FAKE    shift, and go to state 17
    '{'                  shift, and go to state 18

    start_events             go to state 19
    groups                   go to state 20
    group                    go to state 21
    group_def                go to state 22
    event                    go to state 23
    event_mod                go to state 24
    event_name               go to state 25
    event_def                go to state 26
    event_pmu_name           go to state 27
    event_pmu                go to state 28
    value_sym                go to state 29
    event_legacy_symbol      go to state 30
    event_legacy_cache       go to state 31
    event_legacy_mem         go to state 32
    event_legacy_tracepoint  go to state 33
    tracepoint_name          go to state 34
    event_legacy_numeric     go to state 35
    event_legacy_raw         go to state 36
    event_bpf_file           go to state 37


State 2

    2 start: PE_START_TERMS . start_terms

    PE_VALUE_SYM_HW  shift, and go to state 38
    PE_RAW           shift, and go to state 39
    PE_TERM          shift, and go to state 40
    PE_NAME          shift, and go to state 41
    PE_DRV_CFG_TERM  shift, and go to state 42

    start_terms   go to state 43
    event_config  go to state 44
    event_term    go to state 45


State 3

    0 $accept: start . $end

    $end  shift, and go to state 46


State 4

   51 event_legacy_numeric: PE_VALUE . ':' PE_VALUE opt_event_config

    ':'  shift, and go to state 47


State 5

   36 value_sym: PE_VALUE_SYM_HW .

    $default  reduce using rule 36 (value_sym)


State 6

   37 value_sym: PE_VALUE_SYM_SW .

    $default  reduce using rule 37 (value_sym)


State 7

   52 event_legacy_raw: PE_RAW . opt_event_config

    '/'  shift, and go to state 48

    $default  reduce using rule 57 (opt_event_config)

    opt_event_config  go to state 49


State 8

   40 event_legacy_symbol: PE_VALUE_SYM_TOOL . sep_slash_slash_dc

    ':'  shift, and go to state 50
    '/'  shift, and go to state 51

    $default  reduce using rule 85 (sep_slash_slash_dc)

    sep_slash_slash_dc  go to state 52


State 9

   17 event_name: PE_EVENT_NAME . event_def

    PE_VALUE             shift, and go to state 4
    PE_VALUE_SYM_HW      shift, and go to state 5
    PE_VALUE_SYM_SW      shift, and go to state 6
    PE_RAW               shift, and go to state 7
    PE_VALUE_SYM_TOOL    shift, and go to state 8
    PE_NAME              shift, and go to state 53
    PE_BPF_OBJECT        shift, and go to state 11
    PE_BPF_SOURCE        shift, and go to state 12
    PE_NAME_CACHE_TYPE   shift, and go to state 13
    PE_PREFIX_MEM        shift, and go to state 14
    PE_PMU_EVENT_PRE     shift, and go to state 15
    PE_KERNEL_PMU_EVENT  shift, and go to state 16
    PE_PMU_EVENT_FAKE    shift, and go to state 17

    event_def                go to state 54
    event_pmu_name           go to state 27
    event_pmu                go to state 28
    value_sym                go to state 29
    event_legacy_symbol      go to state 30
    event_legacy_cache       go to state 31
    event_legacy_mem         go to state 32
    event_legacy_tracepoint  go to state 33
    tracepoint_name          go to state 34
    event_legacy_numeric     go to state 35
    event_legacy_raw         go to state 36
    event_bpf_file           go to state 37


State 10

   10 group_def: PE_NAME . '{' events '}'
   27 event_pmu_name: PE_NAME .
   49 tracepoint_name: PE_NAME . '-' PE_NAME ':' PE_NAME
   50                | PE_NAME . ':' PE_NAME

    ':'  shift, and go to state 55
    '{'  shift, and go to state 56
    '-'  shift, and go to state 57

    $default  reduce using rule 27 (event_pmu_name)


State 11

   53 event_bpf_file: PE_BPF_OBJECT . opt_event_config

    '/'  shift, and go to state 48

    $default  reduce using rule 57 (opt_event_config)

    opt_event_config  go to state 58


State 12

   54 event_bpf_file: PE_BPF_SOURCE . opt_event_config

    '/'  shift, and go to state 48

    $default  reduce using rule 57 (opt_event_config)

    opt_event_config  go to state 59


State 13

   41 event_legacy_cache: PE_NAME_CACHE_TYPE . '-' PE_NAME_CACHE_OP_RESULT '-' PE_NAME_CACHE_OP_RESULT opt_event_config
   42                   | PE_NAME_CACHE_TYPE . '-' PE_NAME_CACHE_OP_RESULT opt_event_config
   43                   | PE_NAME_CACHE_TYPE . opt_event_config

    '-'  shift, and go to state 60
    '/'  shift, and go to state 48

    $default  reduce using rule 57 (opt_event_config)

    opt_event_config  go to state 61


State 14

   44 event_legacy_mem: PE_PREFIX_MEM . PE_VALUE '/' PE_VALUE ':' PE_MODIFIER_BP sep_dc
   45                 | PE_PREFIX_MEM . PE_VALUE '/' PE_VALUE sep_dc
   46                 | PE_PREFIX_MEM . PE_VALUE ':' PE_MODIFIER_BP sep_dc
   47                 | PE_PREFIX_MEM . PE_VALUE sep_dc

    PE_VALUE  shift, and go to state 62


State 15

   28 event_pmu_name: PE_PMU_EVENT_PRE .
   32 event_pmu: PE_PMU_EVENT_PRE . '-' PE_PMU_EVENT_SUF '-' PE_PMU_EVENT_SUF2 sep_dc
   33          | PE_PMU_EVENT_PRE . '-' PE_PMU_EVENT_SUF sep_dc

    '-'  shift, and go to state 63

    $default  reduce using rule 28 (event_pmu_name)


State 16

   30 event_pmu: PE_KERNEL_PMU_EVENT . sep_dc
   31          | PE_KERNEL_PMU_EVENT . opt_pmu_config

    ':'  shift, and go to state 64
    '/'  shift, and go to state 65

    $default  reduce using rule 82 (sep_dc)

    opt_pmu_config  go to state 66
    sep_dc          go to state 67


State 17

   34 event_pmu: PE_PMU_EVENT_FAKE . sep_dc
   35          | PE_PMU_EVENT_FAKE . opt_pmu_config

    ':'  shift, and go to state 64
    '/'  shift, and go to state 65

    $default  reduce using rule 82 (sep_dc)

    opt_pmu_config  go to state 68
    sep_dc          go to state 69


State 18

   11 group_def: '{' . events '}'

    PE_VALUE             shift, and go to state 4
    PE_VALUE_SYM_HW      shift, and go to state 5
    PE_VALUE_SYM_SW      shift, and go to state 6
    PE_RAW               shift, and go to state 7
    PE_VALUE_SYM_TOOL    shift, and go to state 8
    PE_EVENT_NAME        shift, and go to state 9
    PE_NAME              shift, and go to state 53
    PE_BPF_OBJECT        shift, and go to state 11
    PE_BPF_SOURCE        shift, and go to state 12
    PE_NAME_CACHE_TYPE   shift, and go to state 13
    PE_PREFIX_MEM        shift, and go to state 14
    PE_PMU_EVENT_PRE     shift, and go to state 15
    PE_KERNEL_PMU_EVENT  shift, and go to state 16
    PE_PMU_EVENT_FAKE    shift, and go to state 17

    events                   go to state 70
    event                    go to state 71
    event_mod                go to state 24
    event_name               go to state 25
    event_def                go to state 26
    event_pmu_name           go to state 27
    event_pmu                go to state 28
    value_sym                go to state 29
    event_legacy_symbol      go to state 30
    event_legacy_cache       go to state 31
    event_legacy_mem         go to state 32
    event_legacy_tracepoint  go to state 33
    tracepoint_name          go to state 34
    event_legacy_numeric     go to state 35
    event_legacy_raw         go to state 36
    event_bpf_file           go to state 37


State 19

    1 start: PE_START_EVENTS start_events .

    $default  reduce using rule 1 (start)


State 20

    3 start_events: groups .
    4 groups: groups . ',' group
    5       | groups . ',' event

    ','  shift, and go to state 72

    $default  reduce using rule 3 (start_events)


State 21

    6 groups: group .

    $default  reduce using rule 6 (groups)


State 22

    8 group: group_def . ':' PE_MODIFIER_EVENT
    9      | group_def .

    ':'  shift, and go to state 73

    $default  reduce using rule 9 (group)


State 23

    7 groups: event .

    $default  reduce using rule 7 (groups)


State 24

   14 event: event_mod .

    $default  reduce using rule 14 (event)


State 25

   15 event_mod: event_name . PE_MODIFIER_EVENT
   16          | event_name .

    PE_MODIFIER_EVENT  shift, and go to state 74

    $default  reduce using rule 16 (event_mod)


State 26

   18 event_name: event_def .

    $default  reduce using rule 18 (event_name)


State 27

   29 event_pmu: event_pmu_name . opt_pmu_config

    '/'  shift, and go to state 65

    opt_pmu_config  go to state 75


State 28

   19 event_def: event_pmu .

    $default  reduce using rule 19 (event_def)


State 29

   38 event_legacy_symbol: value_sym . '/' event_config '/'
   39                    | value_sym . sep_slash_slash_dc

    ':'  shift, and go to state 50
    '/'  shift, and go to state 76

    $default  reduce using rule 85 (sep_slash_slash_dc)

    sep_slash_slash_dc  go to state 77


State 30

   20 event_def: event_legacy_symbol .

    $default  reduce using rule 20 (event_def)


State 31

   21 event_def: event_legacy_cache . sep_dc

    ':'  shift, and go to state 64

    $default  reduce using rule 82 (sep_dc)

    sep_dc  go to state 78


State 32

   22 event_def: event_legacy_mem .

    $default  reduce using rule 22 (event_def)


State 33

   23 event_def: event_legacy_tracepoint . sep_dc

    ':'  shift, and go to state 64

    $default  reduce using rule 82 (sep_dc)

    sep_dc  go to state 79


State 34

   48 event_legacy_tracepoint: tracepoint_name . opt_event_config

    '/'  shift, and go to state 48

    $default  reduce using rule 57 (opt_event_config)

    opt_event_config  go to state 80


State 35

   24 event_def: event_legacy_numeric . sep_dc

    ':'  shift, and go to state 64

    $default  reduce using rule 82 (sep_dc)

    sep_dc  go to state 81


State 36

   25 event_def: event_legacy_raw . sep_dc

    ':'  shift, and go to state 64

    $default  reduce using rule 82 (sep_dc)

    sep_dc  go to state 82


State 37

   26 event_def: event_bpf_file .

    $default  reduce using rule 26 (event_def)


State 38

   68 event_term: PE_VALUE_SYM_HW .

    $default  reduce using rule 68 (event_term)


State 39

   63 event_term: PE_RAW .

    $default  reduce using rule 63 (event_term)


State 40

   69 event_term: PE_TERM . '=' PE_NAME
   70           | PE_TERM . '=' PE_VALUE
   71           | PE_TERM .

    '='  shift, and go to state 83

    $default  reduce using rule 71 (event_term)


State 41

   64 event_term: PE_NAME . '=' PE_NAME
   65           | PE_NAME . '=' PE_VALUE
   66           | PE_NAME . '=' PE_VALUE_SYM_HW
   67           | PE_NAME .
   72           | PE_NAME . array '=' PE_NAME
   73           | PE_NAME . array '=' PE_VALUE

    PE_ARRAY_ALL  shift, and go to state 84
    '='           shift, and go to state 85
    '['           shift, and go to state 86

    $default  reduce using rule 67 (event_term)

    array  go to state 87


State 42

   74 event_term: PE_DRV_CFG_TERM .

    $default  reduce using rule 74 (event_term)


State 43

    2 start: PE_START_TERMS start_terms .

    $default  reduce using rule 2 (start)


State 44

   60 start_terms: event_config .
   61 event_config: event_config . ',' event_term

    ','  shift, and go to state 88

    $default  reduce using rule 60 (start_terms)


State 45

   62 event_config: event_term .

    $default  reduce using rule 62 (event_config)


State 46

    0 $accept: start $end .

    $default  accept


State 47

   51 event_legacy_numeric: PE_VALUE ':' . PE_VALUE opt_event_config

    PE_VALUE  shift, and go to state 89


State 48

   55 opt_event_config: '/' . event_config '/'
   56                 | '/' . '/'

    PE_VALUE_SYM_HW  shift, and go to state 38
    PE_RAW           shift, and go to state 39
    PE_TERM          shift, and go to state 40
    PE_NAME          shift, and go to state 41
    PE_DRV_CFG_TERM  shift, and go to state 42
    '/'              shift, and go to state 90

    event_config  go to state 91
    event_term    go to state 45


State 49

   52 event_legacy_raw: PE_RAW opt_event_config .

    $default  reduce using rule 52 (event_legacy_raw)


State 50

   84 sep_slash_slash_dc: ':' .

    $default  reduce using rule 84 (sep_slash_slash_dc)


State 51

   83 sep_slash_slash_dc: '/' . '/'

    '/'  shift, and go to state 92


State 52

   40 event_legacy_symbol: PE_VALUE_SYM_TOOL sep_slash_slash_dc .

    $default  reduce using rule 40 (event_legacy_symbol)


State 53

   27 event_pmu_name: PE_NAME .
   49 tracepoint_name: PE_NAME . '-' PE_NAME ':' PE_NAME
   50                | PE_NAME . ':' PE_NAME

    ':'  shift, and go to state 55
    '-'  shift, and go to state 57

    $default  reduce using rule 27 (event_pmu_name)


State 54

   17 event_name: PE_EVENT_NAME event_def .

    $default  reduce using rule 17 (event_name)


State 55

   50 tracepoint_name: PE_NAME ':' . PE_NAME

    PE_NAME  shift, and go to state 93


State 56

   10 group_def: PE_NAME '{' . events '}'

    PE_VALUE             shift, and go to state 4
    PE_VALUE_SYM_HW      shift, and go to state 5
    PE_VALUE_SYM_SW      shift, and go to state 6
    PE_RAW               shift, and go to state 7
    PE_VALUE_SYM_TOOL    shift, and go to state 8
    PE_EVENT_NAME        shift, and go to state 9
    PE_NAME              shift, and go to state 53
    PE_BPF_OBJECT        shift, and go to state 11
    PE_BPF_SOURCE        shift, and go to state 12
    PE_NAME_CACHE_TYPE   shift, and go to state 13
    PE_PREFIX_MEM        shift, and go to state 14
    PE_PMU_EVENT_PRE     shift, and go to state 15
    PE_KERNEL_PMU_EVENT  shift, and go to state 16
    PE_PMU_EVENT_FAKE    shift, and go to state 17

    events                   go to state 94
    event                    go to state 71
    event_mod                go to state 24
    event_name               go to state 25
    event_def                go to state 26
    event_pmu_name           go to state 27
    event_pmu                go to state 28
    value_sym                go to state 29
    event_legacy_symbol      go to state 30
    event_legacy_cache       go to state 31
    event_legacy_mem         go to state 32
    event_legacy_tracepoint  go to state 33
    tracepoint_name          go to state 34
    event_legacy_numeric     go to state 35
    event_legacy_raw         go to state 36
    event_bpf_file           go to state 37


State 57

   49 tracepoint_name: PE_NAME '-' . PE_NAME ':' PE_NAME

    PE_NAME  shift, and go to state 95


State 58

   53 event_bpf_file: PE_BPF_OBJECT opt_event_config .

    $default  reduce using rule 53 (event_bpf_file)


State 59

   54 event_bpf_file: PE_BPF_SOURCE opt_event_config .

    $default  reduce using rule 54 (event_bpf_file)


State 60

   41 event_legacy_cache: PE_NAME_CACHE_TYPE '-' . PE_NAME_CACHE_OP_RESULT '-' PE_NAME_CACHE_OP_RESULT opt_event_config
   42                   | PE_NAME_CACHE_TYPE '-' . PE_NAME_CACHE_OP_RESULT opt_event_config

    PE_NAME_CACHE_OP_RESULT  shift, and go to state 96


State 61

   43 event_legacy_cache: PE_NAME_CACHE_TYPE opt_event_config .

    $default  reduce using rule 43 (event_legacy_cache)


State 62

   44 event_legacy_mem: PE_PREFIX_MEM PE_VALUE . '/' PE_VALUE ':' PE_MODIFIER_BP sep_dc
   45                 | PE_PREFIX_MEM PE_VALUE . '/' PE_VALUE sep_dc
   46                 | PE_PREFIX_MEM PE_VALUE . ':' PE_MODIFIER_BP sep_dc
   47                 | PE_PREFIX_MEM PE_VALUE . sep_dc

    ':'  shift, and go to state 97
    '/'  shift, and go to state 98

    $default  reduce using rule 82 (sep_dc)

    sep_dc  go to state 99


State 63

   32 event_pmu: PE_PMU_EVENT_PRE '-' . PE_PMU_EVENT_SUF '-' PE_PMU_EVENT_SUF2 sep_dc
   33          | PE_PMU_EVENT_PRE '-' . PE_PMU_EVENT_SUF sep_dc

    PE_PMU_EVENT_SUF  shift, and go to state 100


State 64

   81 sep_dc: ':' .

    $default  reduce using rule 81 (sep_dc)


State 65

   58 opt_pmu_config: '/' . event_config '/'
   59               | '/' . '/'

    PE_VALUE_SYM_HW  shift, and go to state 38
    PE_RAW           shift, and go to state 39
    PE_TERM          shift, and go to state 40
    PE_NAME          shift, and go to state 41
    PE_DRV_CFG_TERM  shift, and go to state 42
    '/'              shift, and go to state 101

    event_config  go to state 102
    event_term    go to state 45


State 66

   31 event_pmu: PE_KERNEL_PMU_EVENT opt_pmu_config .

    $default  reduce using rule 31 (event_pmu)


State 67

   30 event_pmu: PE_KERNEL_PMU_EVENT sep_dc .

    $default  reduce using rule 30 (event_pmu)


State 68

   35 event_pmu: PE_PMU_EVENT_FAKE opt_pmu_config .

    $default  reduce using rule 35 (event_pmu)


State 69

   34 event_pmu: PE_PMU_EVENT_FAKE sep_dc .

    $default  reduce using rule 34 (event_pmu)


State 70

   11 group_def: '{' events . '}'
   12 events: events . ',' event

    ','  shift, and go to state 103
    '}'  shift, and go to state 104


State 71

   13 events: event .

    $default  reduce using rule 13 (events)


State 72

    4 groups: groups ',' . group
    5       | groups ',' . event

    PE_VALUE             shift, and go to state 4
    PE_VALUE_SYM_HW      shift, and go to state 5
    PE_VALUE_SYM_SW      shift, and go to state 6
    PE_RAW               shift, and go to state 7
    PE_VALUE_SYM_TOOL    shift, and go to state 8
    PE_EVENT_NAME        shift, and go to state 9
    PE_NAME              shift, and go to state 10
    PE_BPF_OBJECT        shift, and go to state 11
    PE_BPF_SOURCE        shift, and go to state 12
    PE_NAME_CACHE_TYPE   shift, and go to state 13
    PE_PREFIX_MEM        shift, and go to state 14
    PE_PMU_EVENT_PRE     shift, and go to state 15
    PE_KERNEL_PMU_EVENT  shift, and go to state 16
    PE_PMU_EVENT_FAKE    shift, and go to state 17
    '{'                  shift, and go to state 18

    group                    go to state 105
    group_def                go to state 22
    event                    go to state 106
    event_mod                go to state 24
    event_name               go to state 25
    event_def                go to state 26
    event_pmu_name           go to state 27
    event_pmu                go to state 28
    value_sym                go to state 29
    event_legacy_symbol      go to state 30
    event_legacy_cache       go to state 31
    event_legacy_mem         go to state 32
    event_legacy_tracepoint  go to state 33
    tracepoint_name          go to state 34
    event_legacy_numeric     go to state 35
    event_legacy_raw         go to state 36
    event_bpf_file           go to state 37


State 73

    8 group: group_def ':' . PE_MODIFIER_EVENT

    PE_MODIFIER_EVENT  shift, and go to state 107


State 74

   15 event_mod: event_name PE_MODIFIER_EVENT .

    $default  reduce using rule 15 (event_mod)


State 75

   29 event_pmu: event_pmu_name opt_pmu_config .

    $default  reduce using rule 29 (event_pmu)


State 76

   38 event_legacy_symbol: value_sym '/' . event_config '/'
   83 sep_slash_slash_dc: '/' . '/'

    PE_VALUE_SYM_HW  shift, and go to state 38
    PE_RAW           shift, and go to state 39
    PE_TERM          shift, and go to state 40
    PE_NAME          shift, and go to state 41
    PE_DRV_CFG_TERM  shift, and go to state 42
    '/'              shift, and go to state 92

    event_config  go to state 108
    event_term    go to state 45


State 77

   39 event_legacy_symbol: value_sym sep_slash_slash_dc .

    $default  reduce using rule 39 (event_legacy_symbol)


State 78

   21 event_def: event_legacy_cache sep_dc .

    $default  reduce using rule 21 (event_def)


State 79

   23 event_def: event_legacy_tracepoint sep_dc .

    $default  reduce using rule 23 (event_def)


State 80

   48 event_legacy_tracepoint: tracepoint_name opt_event_config .

    $default  reduce using rule 48 (event_legacy_tracepoint)


State 81

   24 event_def: event_legacy_numeric sep_dc .

    $default  reduce using rule 24 (event_def)


State 82

   25 event_def: event_legacy_raw sep_dc .

    $default  reduce using rule 25 (event_def)


State 83

   69 event_term: PE_TERM '=' . PE_NAME
   70           | PE_TERM '=' . PE_VALUE

    PE_VALUE  shift, and go to state 109
    PE_NAME   shift, and go to state 110


State 84

   76 array: PE_ARRAY_ALL .

    $default  reduce using rule 76 (array)


State 85

   64 event_term: PE_NAME '=' . PE_NAME
   65           | PE_NAME '=' . PE_VALUE
   66           | PE_NAME '=' . PE_VALUE_SYM_HW

    PE_VALUE         shift, and go to state 111
    PE_VALUE_SYM_HW  shift, and go to state 112
    PE_NAME          shift, and go to state 113


State 86

   75 array: '[' . array_terms ']'

    PE_VALUE  shift, and go to state 114

    array_terms  go to state 115
    array_term   go to state 116


State 87

   72 event_term: PE_NAME array . '=' PE_NAME
   73           | PE_NAME array . '=' PE_VALUE

    '='  shift, and go to state 117


State 88

   61 event_config: event_config ',' . event_term

    PE_VALUE_SYM_HW  shift, and go to state 38
    PE_RAW           shift, and go to state 39
    PE_TERM          shift, and go to state 40
    PE_NAME          shift, and go to state 41
    PE_DRV_CFG_TERM  shift, and go to state 42

    event_term  go to state 118


State 89

   51 event_legacy_numeric: PE_VALUE ':' PE_VALUE . opt_event_config

    '/'  shift, and go to state 48

    $default  reduce using rule 57 (opt_event_config)

    opt_event_config  go to state 119


State 90

   56 opt_event_config: '/' '/' .

    $default  reduce using rule 56 (opt_event_config)


State 91

   55 opt_event_config: '/' event_config . '/'
   61 event_config: event_config . ',' event_term

    ','  shift, and go to state 88
    '/'  shift, and go to state 120


State 92

   83 sep_slash_slash_dc: '/' '/' .

    $default  reduce using rule 83 (sep_slash_slash_dc)


State 93

   50 tracepoint_name: PE_NAME ':' PE_NAME .

    $default  reduce using rule 50 (tracepoint_name)


State 94

   10 group_def: PE_NAME '{' events . '}'
   12 events: events . ',' event

    ','  shift, and go to state 103
    '}'  shift, and go to state 121


State 95

   49 tracepoint_name: PE_NAME '-' PE_NAME . ':' PE_NAME

    ':'  shift, and go to state 122


State 96

   41 event_legacy_cache: PE_NAME_CACHE_TYPE '-' PE_NAME_CACHE_OP_RESULT . '-' PE_NAME_CACHE_OP_RESULT opt_event_config
   42                   | PE_NAME_CACHE_TYPE '-' PE_NAME_CACHE_OP_RESULT . opt_event_config

    '-'  shift, and go to state 123
    '/'  shift, and go to state 48

    $default  reduce using rule 57 (opt_event_config)

    opt_event_config  go to state 124


State 97

   46 event_legacy_mem: PE_PREFIX_MEM PE_VALUE ':' . PE_MODIFIER_BP sep_dc
   81 sep_dc: ':' .

    PE_MODIFIER_BP  shift, and go to state 125

    $default  reduce using rule 81 (sep_dc)


State 98

   44 event_legacy_mem: PE_PREFIX_MEM PE_VALUE '/' . PE_VALUE ':' PE_MODIFIER_BP sep_dc
   45                 | PE_PREFIX_MEM PE_VALUE '/' . PE_VALUE sep_dc

    PE_VALUE  shift, and go to state 126


State 99

   47 event_legacy_mem: PE_PREFIX_MEM PE_VALUE sep_dc .

    $default  reduce using rule 47 (event_legacy_mem)


State 100

   32 event_pmu: PE_PMU_EVENT_PRE '-' PE_PMU_EVENT_SUF . '-' PE_PMU_EVENT_SUF2 sep_dc
   33          | PE_PMU_EVENT_PRE '-' PE_PMU_EVENT_SUF . sep_dc

    ':'  shift, and go to state 64
    '-'  shift, and go to state 127

    $default  reduce using rule 82 (sep_dc)

    sep_dc  go to state 128


State 101

   59 opt_pmu_config: '/' '/' .

    $default  reduce using rule 59 (opt_pmu_config)


State 102

   58 opt_pmu_config: '/' event_config . '/'
   61 event_config: event_config . ',' event_term

    ','  shift, and go to state 88
    '/'  shift, and go to state 129


State 103

   12 events: events ',' . event

    PE_VALUE             shift, and go to state 4
    PE_VALUE_SYM_HW      shift, and go to state 5
    PE_VALUE_SYM_SW      shift, and go to state 6
    PE_RAW               shift, and go to state 7
    PE_VALUE_SYM_TOOL    shift, and go to state 8
    PE_EVENT_NAME        shift, and go to state 9
    PE_NAME              shift, and go to state 53
    PE_BPF_OBJECT        shift, and go to state 11
    PE_BPF_SOURCE        shift, and go to state 12
    PE_NAME_CACHE_TYPE   shift, and go to state 13
    PE_PREFIX_MEM        shift, and go to state 14
    PE_PMU_EVENT_PRE     shift, and go to state 15
    PE_KERNEL_PMU_EVENT  shift, and go to state 16
    PE_PMU_EVENT_FAKE    shift, and go to state 17

    event                    go to state 130
    event_mod                go to state 24
    event_name               go to state 25
    event_def                go to state 26
    event_pmu_name           go to state 27
    event_pmu                go to state 28
    value_sym                go to state 29
    event_legacy_symbol      go to state 30
    event_legacy_cache       go to state 31
    event_legacy_mem         go to state 32
    event_legacy_tracepoint  go to state 33
    tracepoint_name          go to state 34
    event_legacy_numeric     go to state 35
    event_legacy_raw         go to state 36
    event_bpf_file           go to state 37


State 104

   11 group_def: '{' events '}' .

    $default  reduce using rule 11 (group_def)


State 105

    4 groups: groups ',' group .

    $default  reduce using rule 4 (groups)


State 106

    5 groups: groups ',' event .

    $default  reduce using rule 5 (groups)


State 107

    8 group: group_def ':' PE_MODIFIER_EVENT .

    $default  reduce using rule 8 (group)


State 108

   38 event_legacy_symbol: value_sym '/' event_config . '/'
   61 event_config: event_config . ',' event_term

    ','  shift, and go to state 88
    '/'  shift, and go to state 131


State 109

   70 event_term: PE_TERM '=' PE_VALUE .

    $default  reduce using rule 70 (event_term)


State 110

   69 event_term: PE_TERM '=' PE_NAME .

    $default  reduce using rule 69 (event_term)


State 111

   65 event_term: PE_NAME '=' PE_VALUE .

    $default  reduce using rule 65 (event_term)


State 112

   66 event_term: PE_NAME '=' PE_VALUE_SYM_HW .

    $default  reduce using rule 66 (event_term)


State 113

   64 event_term: PE_NAME '=' PE_NAME .

    $default  reduce using rule 64 (event_term)


State 114

   79 array_term: PE_VALUE .
   80           | PE_VALUE . PE_ARRAY_RANGE PE_VALUE

    PE_ARRAY_RANGE  shift, and go to state 132

    $default  reduce using rule 79 (array_term)


State 115

   75 array: '[' array_terms . ']'
   77 array_terms: array_terms . ',' array_term

    ','  shift, and go to state 133
    ']'  shift, and go to state 134


State 116

   78 array_terms: array_term .

    $default  reduce using rule 78 (array_terms)


State 117

   72 event_term: PE_NAME array '=' . PE_NAME
   73           | PE_NAME array '=' . PE_VALUE

    PE_VALUE  shift, and go to state 135
    PE_NAME   shift, and go to state 136


State 118

   61 event_config: event_config ',' event_term .

    $default  reduce using rule 61 (event_config)


State 119

   51 event_legacy_numeric: PE_VALUE ':' PE_VALUE opt_event_config .

    $default  reduce using rule 51 (event_legacy_numeric)


State 120

   55 opt_event_config: '/' event_config '/' .

    $default  reduce using rule 55 (opt_event_config)


State 121

   10 group_def: PE_NAME '{' events '}' .

    $default  reduce using rule 10 (group_def)


State 122

   49 tracepoint_name: PE_NAME '-' PE_NAME ':' . PE_NAME

    PE_NAME  shift, and go to state 137


State 123

   41 event_legacy_cache: PE_NAME_CACHE_TYPE '-' PE_NAME_CACHE_OP_RESULT '-' . PE_NAME_CACHE_OP_RESULT opt_event_config

    PE_NAME_CACHE_OP_RESULT  shift, and go to state 138


State 124

   42 event_legacy_cache: PE_NAME_CACHE_TYPE '-' PE_NAME_CACHE_OP_RESULT opt_event_config .

    $default  reduce using rule 42 (event_legacy_cache)


State 125

   46 event_legacy_mem: PE_PREFIX_MEM PE_VALUE ':' PE_MODIFIER_BP . sep_dc

    ':'  shift, and go to state 64

    $default  reduce using rule 82 (sep_dc)

    sep_dc  go to state 139


State 126

   44 event_legacy_mem: PE_PREFIX_MEM PE_VALUE '/' PE_VALUE . ':' PE_MODIFIER_BP sep_dc
   45                 | PE_PREFIX_MEM PE_VALUE '/' PE_VALUE . sep_dc

    ':'  shift, and go to state 140

    $default  reduce using rule 82 (sep_dc)

    sep_dc  go to state 141


State 127

   32 event_pmu: PE_PMU_EVENT_PRE '-' PE_PMU_EVENT_SUF '-' . PE_PMU_EVENT_SUF2 sep_dc

    PE_PMU_EVENT_SUF2  shift, and go to state 142


State 128

   33 event_pmu: PE_PMU_EVENT_PRE '-' PE_PMU_EVENT_SUF sep_dc .

    $default  reduce using rule 33 (event_pmu)


State 129

   58 opt_pmu_config: '/' event_config '/' .

    $default  reduce using rule 58 (opt_pmu_config)


State 130

   12 events: events ',' event .

    $default  reduce using rule 12 (events)


State 131

   38 event_legacy_symbol: value_sym '/' event_config '/' .

    $default  reduce using rule 38 (event_legacy_symbol)


State 132

   80 array_term: PE_VALUE PE_ARRAY_RANGE . PE_VALUE

    PE_VALUE  shift, and go to state 143


State 133

   77 array_terms: array_terms ',' . array_term

    PE_VALUE  shift, and go to state 114

    array_term  go to state 144


State 134

   75 array: '[' array_terms ']' .

    $default  reduce using rule 75 (array)


State 135

   73 event_term: PE_NAME array '=' PE_VALUE .

    $default  reduce using rule 73 (event_term)


State 136

   72 event_term: PE_NAME array '=' PE_NAME .

    $default  reduce using rule 72 (event_term)


State 137

   49 tracepoint_name: PE_NAME '-' PE_NAME ':' PE_NAME .

    $default  reduce using rule 49 (tracepoint_name)


State 138

   41 event_legacy_cache: PE_NAME_CACHE_TYPE '-' PE_NAME_CACHE_OP_RESULT '-' PE_NAME_CACHE_OP_RESULT . opt_event_config

    '/'  shift, and go to state 48

    $default  reduce using rule 57 (opt_event_config)

    opt_event_config  go to state 145


State 139

   46 event_legacy_mem: PE_PREFIX_MEM PE_VALUE ':' PE_MODIFIER_BP sep_dc .

    $default  reduce using rule 46 (event_legacy_mem)


State 140

   44 event_legacy_mem: PE_PREFIX_MEM PE_VALUE '/' PE_VALUE ':' . PE_MODIFIER_BP sep_dc
   81 sep_dc: ':' .

    PE_MODIFIER_BP  shift, and go to state 146

    $default  reduce using rule 81 (sep_dc)


State 141

   45 event_legacy_mem: PE_PREFIX_MEM PE_VALUE '/' PE_VALUE sep_dc .

    $default  reduce using rule 45 (event_legacy_mem)


State 142

   32 event_pmu: PE_PMU_EVENT_PRE '-' PE_PMU_EVENT_SUF '-' PE_PMU_EVENT_SUF2 . sep_dc

    ':'  shift, and go to state 64

    $default  reduce using rule 82 (sep_dc)

    sep_dc  go to state 147


State 143

   80 array_term: PE_VALUE PE_ARRAY_RANGE PE_VALUE .

    $default  reduce using rule 80 (array_term)


State 144

   77 array_terms: array_terms ',' array_term .

    $default  reduce using rule 77 (array_terms)


State 145

   41 event_legacy_cache: PE_NAME_CACHE_TYPE '-' PE_NAME_CACHE_OP_RESULT '-' PE_NAME_CACHE_OP_RESULT opt_event_config .

    $default  reduce using rule 41 (event_legacy_cache)


State 146

   44 event_legacy_mem: PE_PREFIX_MEM PE_VALUE '/' PE_VALUE ':' PE_MODIFIER_BP . sep_dc

    ':'  shift, and go to state 64

    $default  reduce using rule 82 (sep_dc)

    sep_dc  go to state 148


State 147

   32 event_pmu: PE_PMU_EVENT_PRE '-' PE_PMU_EVENT_SUF '-' PE_PMU_EVENT_SUF2 sep_dc .

    $default  reduce using rule 32 (event_pmu)


State 148

   44 event_legacy_mem: PE_PREFIX_MEM PE_VALUE '/' PE_VALUE ':' PE_MODIFIER_BP sep_dc .

    $default  reduce using rule 44 (event_legacy_mem)
